[2m$ eslint[22m
[0m[0m
[0m[4m/Users/loyd/DevForge/apps/frontend/app/auth/github/callback/page.tsx[24m[0m
[0m  [2m26:7[22m  [31merror[39m  Error: Calling setState synchronously within an effect can trigger cascading renders[0m
[0m[0m
[0mEffects are intended to synchronize state between React and external systems such as manually updating the DOM, state management libraries, or other platform APIs. In general, the body of an effect should do one or both of the following:[0m
[0m* Update external systems with the latest state from React.[0m
[0m* Subscribe for updates from some external system, calling setState in a callback function when external state changes.[0m
[0m[0m
[0mCalling setState synchronously within an effect body causes cascading renders that can hurt performance, and is not recommended. (https://react.dev/learn/you-might-not-need-an-effect).[0m
[0m[0m
[0m/Users/loyd/DevForge/apps/frontend/app/auth/github/callback/page.tsx:26:7[0m
[0m  24 |       localStorage.setItem(TOKEN_KEY, token);[0m
[0m  25 |       document.cookie = "devforge_session=1; path=/; SameSite=Strict; max-age=604800";[0m
[0m> 26 |       setStatus("success");[0m
[0m     |       ^^^^^^^^^ Avoid calling setState() directly within an effect[0m
[0m  27 |       // Brief success flash before hard redirect so middleware always sees the fresh cookie[0m
[0m  28 |       setTimeout(() => {[0m
[0m  29 |         window.location.href = "/";  [2mreact-hooks/set-state-in-effect[22m[0m
[0m[0m
[0m[31m[1m✖ 1 problem (1 error, 0 warnings)[22m[39m[0m
[0m[31m[1m[22m[39m[0m
[41m[31m[[39m[49m[41m[30mELIFECYCLE[39m[49m[41m[31m][39m[49m [31mCommand failed with exit code 1.[39m
